---------------------------------------------------------------------------------
--ADDR IF     THEN    ELSE PC E REG FLAG SS RES1 DST COND RES2 ALUFUN ALUSEL CHAR  
---------------------------------------------------------------------------------
-- RESET
00: 0000 00000000 00000000 01 00 00 00 0 0 000 000 00 000 000 00000000 
-- 
01: 1110 00111111 11111111 01 00 00 00 0 0 000 000 00 000 000 00000001 
-- 
02: 0001 11111111 11111110 00 01 00 00 0 0 010 000 01 000 000 00000000 
-- 
03: 0000 00000010 00000010 10 00 00 00 0 0 000 000 00 000 000 00000000 
-- 
04: 1101 00001010 00000011 00 00 00 00 0 0 010 010 00 000 000 00000000 
-- 
05: 1101 00001010 00000011 00 00 00 00 0 0 010 001 00 000 000 00000000 
-- 
06: 0000 00000010 00000010 11 00 00 00 0 0 010 010 00 000 000 00000000 
-- 
07: 0000 00000010 00000010 11 00 00 00 0 0 010 001 00 000 000 00000000 
-- 
08: 0000 00000010 00000010 11 00 00 00 0 0 010 000 00 000 000 00000000 
-- 
09: 1101 00001010 00000011 00 00 00 00 0 0 010 000 00 000 000 00000000 
-- 
0A: 1110 00111111 11111111 00 00 00 00 1 0 000 000 00 000 000 01010000 
-- 
0B: 1110 00111111 11111111 00 00 00 00 1 0 000 000 00 000 000 01000011 
-- 
0C: 1110 00111111 11111111 00 00 00 00 1 0 000 000 00 000 000 00111101 
-- 
0D: 1110 00111111 11111111 00 00 00 00 1 0 000 000 00 000 000 10001011 
-- 
0E: 1110 00111111 11111111 00 00 00 00 1 0 000 000 00 000 000 10001010 
-- 
0F: 1110 00111111 11111111 00 00 00 00 1 0 000 000 00 000 000 10001001 
-- 
10: 1110 00111111 11111111 00 00 00 00 1 0 000 000 00 000 000 00100000 
-- 
11: 1110 00111111 11111111 00 00 00 00 1 0 000 000 00 000 000 01001001 
-- 
12: 1110 00111111 11111111 00 00 00 00 1 0 000 000 00 000 000 00111101 
-- 
13: 1110 00111111 11111111 00 00 00 00 1 0 000 000 00 000 000 10001000 
-- 
14: 1110 00111111 11111111 00 00 00 00 1 0 000 000 00 000 000 10000111 
-- 
15: 1110 00111111 11111111 00 00 00 00 1 0 000 000 00 000 000 10000110 
-- 
16: 1110 00111111 11111111 00 01 00 00 1 0 000 000 00 000 000 00100000 
-- 
17: 1110 00111111 11111111 00 11 00 00 1 0 000 000 00 000 000 01000001 
-- 
18: 1110 00111111 11111111 00 00 00 00 1 0 000 000 00 000 000 00111101 
-- 
19: 1011 00000000 00011100 00 00 00 00 1 0 000 000 00 000 000 00000000 
-- 
1A: 1110 00111111 11111111 00 00 00 00 1 0 000 000 00 000 000 10000011 
-- 
1B: 0000 00011001 00011001 00 11 00 00 1 0 000 000 00 000 000 00000000 
-- 
1C: 1110 00111111 11111111 00 01 00 00 1 0 000 000 00 000 000 00100000 
-- 
1D: 1110 00111111 11111111 00 11 00 00 1 0 000 000 00 000 000 01000010 
-- 
1E: 1110 00111111 11111111 00 00 00 00 1 0 000 000 00 000 000 00111101 
-- 
1F: 1011 00000000 00100010 00 00 00 00 1 0 000 000 00 000 000 00000000 
---------------------------------------------------------------------------------
--ADDR IF     THEN    ELSE PC E REG FLAG SS RES1 DST COND RES2 ALUFUN ALUSEL CHAR  
---------------------------------------------------------------------------------
-- 
20: 1110 00111111 11111111 00 00 00 00 1 0 000 000 00 000 000 10000100 
-- 
21: 0000 00011111 00011111 00 11 00 00 1 0 000 000 00 000 000 00000000 
-- 
22: 1110 00111111 11111111 00 01 00 00 1 0 000 000 00 000 000 00100000 
-- 
23: 1110 00111111 11111111 00 11 00 00 1 0 000 000 00 000 000 01000011 
-- 
24: 1110 00111111 11111111 00 00 00 00 1 0 000 000 00 000 000 00111101 
-- 
25: 1011 00000000 00101000 00 00 00 00 1 0 000 000 00 000 000 00000000 
-- 
26: 1110 00111111 11111111 00 00 00 00 1 0 000 000 00 000 000 10000101 
-- 
27: 0000 00100101 00100101 00 11 00 00 1 0 000 000 00 000 000 00000000 
-- 
28: 1110 00111111 11111111 00 01 00 00 1 0 000 000 00 000 000 00100000 
-- 
29: 1110 00111111 11111111 00 11 00 00 1 0 000 000 00 000 000 01000001 
-- 
2A: 1110 00111111 11111111 00 00 00 00 1 0 000 000 00 000 000 01000110 
-- 
2B: 1110 00111111 11111111 00 00 00 00 1 0 000 000 00 000 000 00111101 
-- 
2C: 1011 00000000 00101111 00 00 00 00 1 0 000 000 00 000 000 00000000 
-- 
2D: 1110 00111111 11111111 00 00 00 00 1 0 000 000 00 000 000 10000000 
-- 
2E: 0000 00101100 00101100 00 11 00 00 1 0 000 000 00 000 000 00000000 
-- 
2F: 1110 00111111 11111111 00 01 00 00 1 0 000 000 00 000 000 00100000 
-- 
30: 1110 00111111 11111111 00 11 00 00 1 0 000 000 00 000 000 01000010 
-- 
31: 1110 00111111 11111111 00 00 00 00 1 0 000 000 00 000 000 01000110 
-- 
32: 1110 00111111 11111111 00 00 00 00 1 0 000 000 00 000 000 00111101 
-- 
33: 1011 00000000 00110110 00 00 00 00 1 0 000 000 00 000 000 00000000 
-- 
34: 1110 00111111 11111111 00 00 00 00 1 0 000 000 00 000 000 10000001 
-- 
35: 0000 00110011 00110011 00 11 00 00 1 0 000 000 00 000 000 00000000 
-- 
36: 1110 00111111 11111111 00 00 00 00 1 0 000 000 00 000 000 00100000 
-- 
37: 1110 00111111 11111111 00 00 00 00 1 0 000 000 00 000 000 01000011 
-- 
38: 1110 00111111 11111111 00 00 00 00 1 0 000 000 00 000 000 01000110 
-- 
39: 1110 00111111 11111111 00 00 00 00 1 0 000 000 00 000 000 00111101 
-- 
3A: 1110 00111111 11111111 00 00 00 00 1 0 000 000 00 000 000 10000010 
-- 
3B: 0000 00000000 00000000 00 00 00 00 1 0 000 000 00 000 000 00000000 
-- 
3C: 1110 00111111 11111111 00 00 00 00 1 0 000 000 00 000 000 00001101 
-- 
3D: 1110 00111111 11111111 00 00 00 00 1 0 000 000 00 000 000 00001010 
-- 
3E: 0000 00000011 00000011 00 00 00 00 1 0 000 000 00 000 000 00000000 
-- 
3F: 0000 00000001 00000001 00 00 00 00 1 0 000 000 00 000 000 00000000 
---------------------------------------------------------------------------------
--ADDR IF     THEN    ELSE PC E REG FLAG SS RES1 DST COND RES2 ALUFUN ALUSEL CHAR  
---------------------------------------------------------------------------------
-- 
40: 1011 00000000 00001001 00 00 00 00 1 0 000 000 00 000 000 00000000 
-- 
41: 0000 00000000 00000000 00 00 00 01 1 1 000 000 00 000 000 00000000 
-- 
42: 0000 01000000 01000000 00 10 00 00 1 0 000 000 00 000 000 00000000 
-- 
43: 1011 00000000 00001001 00 00 00 00 1 0 000 000 00 001 000 00000000 
-- 
44: 0000 00000000 00000000 00 00 11 00 1 1 000 000 00 001 000 00000000 
-- 
45: 0000 01000011 01000011 00 10 00 00 1 0 000 000 00 000 000 00000000 
-- 
46: 0100 00001000 00001001 00 00 00 00 1 0 000 000 00 000 000 00000000 
-- 
47: 0111 00001000 00001001 00 00 00 00 1 0 000 000 00 000 000 00000000 
-- 
48: -- halt
-- 
49: 1011 00000000 00001001 00 00 00 00 1 0 000 000 00 000 000 00000000 
-- 
4A: 0000 00000000 00000000 00 00 10 00 1 1 000 000 00 000 000 00000000 
-- 
4B: 0000 01001001 01001001 00 11 00 00 1 0 000 000 00 000 000 00000000 
-- 
4C: 1011 00000000 00001001 00 00 00 00 1 0 000 000 00 000 000 00000000 
-- 
4D: 0000 00000000 00000000 00 00 01 00 1 1 000 000 00 000 000 00000000 
-- 
4E: 0000 01001100 01001100 00 10 00 00 1 0 000 000 00 000 000 00000000 
-- 
4F: 1011 00000000 00001001 00 00 00 00 1 0 000 000 00 000 000 00000000 
-- 
50: 0000 00000000 00000000 00 00 00 11 1 1 000 000 00 000 000 00000000 
-- 
51: 0000 01001111 01001111 00 10 00 00 1 0 000 000 00 000 000 00000000 
-- 
52: 1011 00000000 00001001 00 00 11 00 1 0 000 000 00 000 000 00000000 
-- 
53: 0000 00000000 00000000 00 00 11 00 1 1 000 011 00 101 000 00000000 
-- 
54: 0000 01010010 01010010 00 10 00 00 1 0 000 000 00 000 000 00000000 
-- 
55: 1011 00000000 01111011 00 00 11 00 1 0 111 000 00 000 100 00000000 
-- 
56: 0000 00000000 00000000 00 00 11 00 1 1 110 000 00 011 000 00000000 
-- 
57: 0000 00000000 00000000 00 00 11 00 1 1 111 000 00 011 000 00000000 
-- 
58: 0000 00000000 00000000 00 00 11 00 1 1 000 000 00 011 000 00000000 
-- 
59: 0000 01010101 01010101 00 10 00 00 1 0 010 000 00 000 000 00000000 
-- 
5A: 1011 00000000 00001001 00 00 00 00 1 0 000 000 00 000 000 00000000 
-- 
5B: 0000 00000000 00000000 00 00 00 00 1 0 000 101 00 000 000 00000000 
-- 
5C: 1100 00001001 01011010 00 10 00 00 1 0 000 000 00 000 000 00000000 
-- 
5D: 1011 00000000 00001001 00 00 00 00 1 0 000 000 00 000 000 00000000 
-- 
5E: 0000 00000000 00000000 00 00 00 00 1 0 000 100 00 000 000 00000000 
-- 
5F: 1100 00001001 01011101 00 10 00 00 1 0 000 000 00 000 000 00000000 
---------------------------------------------------------------------------------
--ADDR IF     THEN    ELSE PC E REG FLAG SS RES1 DST COND RES2 ALUFUN ALUSEL CHAR  
---------------------------------------------------------------------------------
-- 
60: 1011 00000000 00001001 00 00 00 00 1 0 000 000 00 000 000 00000000 
-- 
61: 0000 00000000 00000000 00 00 00 00 1 0 000 110 00 000 000 00000000 
-- 
62: 1100 00001001 01100000 00 10 00 00 1 0 000 000 00 000 000 00000000 
-- 
63: 1011 00000000 00001001 00 00 00 00 1 0 100 000 00 000 000 00000000 
-- 
64: 0000 00000000 00000000 00 00 00 10 1 1 011 000 00 000 000 00000000 
-- 
65: 0000 00000000 00000000 00 00 00 10 1 1 100 000 00 000 000 00000000 
-- 
66: 0000 00000000 00000000 00 00 00 10 1 1 000 000 00 000 000 00000000 
-- 
67: 0000 01100011 01100011 00 10 00 00 1 0 010 000 00 000 000 00000000 
-- 
68: 0000 00001001 00001001 00 00 00 00 1 0 000 001 00 000 000 00000000 
-- 
69: 1011 00000000 00001001 00 00 00 00 1 0 000 000 00 000 000 00000000 
-- 
6A: 0000 00000000 00000000 00 00 00 01 1 1 000 000 00 000 000 00000000 
-- 
6B: 0000 00000000 00000000 00 00 00 11 1 1 000 000 00 000 000 00000000 
-- 
6C: 0000 01101001 01101001 00 10 00 00 1 0 000 000 00 000 000 00000000 
-- 
6D: 1011 00000000 00001001 00 00 11 00 1 0 000 000 00 000 000 00000000 
-- 
6E: 0000 00000000 00000000 00 00 11 00 1 1 000 011 00 111 000 00000000 
-- 
6F: 0000 01101101 01101101 00 10 00 00 1 0 000 000 00 000 000 00000000 
-- 
70: 1011 00000000 01101000 00 00 11 00 1 0 000 000 00 000 000 00000000 
-- 
71: 0000 00000000 00000000 00 00 11 00 1 1 000 011 00 100 000 00000000 
-- 
72: 0000 01110000 01110000 00 10 00 00 1 0 000 000 00 000 000 00000000 
-- 
73: 1011 00000000 01101000 00 00 11 00 1 0 000 000 00 000 000 00000000 
-- 
74: 0000 00000000 00000000 00 00 11 00 1 1 000 011 00 110 000 00000000 
-- 
75: 0000 01110011 01110011 00 10 00 00 1 0 000 000 00 000 000 00000000 
-- 
76: 1011 00000000 01111001 00 00 11 00 0 0 000 000 00 000 000 00000000 
-- 
77: 0000 00000000 00000000 00 00 11 00 0 1 000 011 00 101 000 00000000 
-- 
78: 0000 01110110 01110110 00 10 00 00 0 0 000 000 00 000 000 00000000 
-- 
79: 1000 00000000 00001001 00 00 00 00 0 0 000 000 00 000 000 00000000 
-- 
7A: 0110 00000100 00000010 00 00 00 00 0 0 000 000 00 000 000 00000000 
-- 
7B: 0110 00001001 00000000 00 00 00 00 0 0 000 000 00 000 000 00000000 
-- 
7C: 0000 01111011 01111011 00 00 00 00 0 0 000 000 01 000 000 00000000 
-- 
7D: -- halt
-- 
7E: -- halt
-- 
7F: 0110 00001001 00000010 00 00 00 00 1 0 000 001 00 000 000 00000000 
---------------------------------------------------------------------------------
--ADDR IF     THEN    ELSE PC E REG FLAG SS RES1 DST COND RES2 ALUFUN ALUSEL CHAR  
---------------------------------------------------------------------------------
--BC0 
80: 1100 00000101 00000111 00 00 00 00 0 0 000 000 00 000 000 00000000 
--BC0 
81: 0000 01010010 01010010 00 00 00 00 0 0 110 001 00 000 110 00000000 
--BC0 
82: 0000 01101101 01101101 00 00 00 00 0 0 111 001 00 000 110 00000000 
--BC0 
83: 0000 01101101 01101101 00 00 00 00 0 0 110 001 00 000 111 00000000 
--BC0 
84: 0000 01010010 01010010 00 00 00 00 0 0 101 001 00 000 100 00000000 
--BC0 
85: 0000 01010010 01010010 00 00 00 00 0 0 101 001 00 000 110 00000000 
--BC0 
86: -- halt
--BC0 
87: -- halt
--BC0 
88: -- halt
--BC0 
89: -- halt
--BC0 
8A: -- halt
--BC0 
8B: -- halt
--BC0 
8C: -- halt
--BC0 
8D: -- halt
--BC0 
8E: -- halt
--BC0 
8F: -- halt
--BC0 
90: -- halt
--BC0 
91: -- halt
--BC0 
92: -- halt
--BC0 
93: -- halt
--BC0 
94: -- halt
--BC0 
95: -- halt
--BC0 
96: -- halt
--BC0 
97: -- halt
--BC0 
98: -- halt
--BC0 
99: -- halt
--BC0 
9A: -- halt
--BC0 
9B: -- halt
--BC0 
9C: -- halt
--BC0 
9D: -- halt
--BC0 
9E: -- halt
--BC0 
9F: -- halt
---------------------------------------------------------------------------------
--ADDR IF     THEN    ELSE PC E REG FLAG SS RES1 DST COND RES2 ALUFUN ALUSEL CHAR  
---------------------------------------------------------------------------------
--BC1 
A0: 1100 00000111 00000101 00 00 00 00 0 0 000 000 00 000 000 00000000 
--BC1 
A1: 1100 00000111 00000101 00 00 00 00 0 0 000 000 00 000 000 00000000 
--BC1 
A2: 1100 00000111 00000101 00 00 00 00 0 0 000 000 00 000 000 00000000 
--BC1 
A3: 1100 00000111 00000101 00 00 00 00 0 0 000 000 00 000 000 00000000 
--BC1 
A4: 1100 00000111 00000101 00 00 00 00 0 0 000 000 00 000 000 00000000 
--BC1 
A5: 1100 00000111 00000101 00 00 00 00 0 0 000 000 00 000 000 00000000 
--BC1 
A6: 1100 00000111 00000101 00 00 00 00 0 0 000 000 00 000 000 00000000 
--BC1 
A7: 1100 00000111 00000101 00 00 00 00 0 0 000 000 00 000 000 00000000 
--BC1 
A8: 1100 00000111 00000101 00 00 00 00 0 0 000 000 00 000 000 00000000 
--BC1 
A9: 1100 00000111 00000101 00 00 00 00 0 0 000 000 00 000 000 00000000 
--BC1 
AA: 1100 00000111 00000101 00 00 00 00 0 0 000 000 00 000 000 00000000 
--BC1 
AB: 1100 00000111 00000101 00 00 00 00 0 0 000 000 00 000 000 00000000 
--BC1 
AC: 1100 00000111 00000101 00 00 00 00 0 0 000 000 00 000 000 00000000 
--BC1 
AD: 1100 00000111 00000101 00 00 00 00 0 0 000 000 00 000 000 00000000 
--BC1 
AE: 1100 00000111 00000101 00 00 00 00 0 0 000 000 00 000 000 00000000 
--BC1 
AF: 1100 00000111 00000101 00 00 00 00 0 0 000 000 00 000 000 00000000 
--BC1 
B0: 1100 00000111 00000101 00 00 00 00 0 0 000 000 00 000 000 00000000 
--BC1 
B1: 1100 00000111 00000101 00 00 00 00 0 0 000 000 00 000 000 00000000 
--BC1 
B2: 1100 00000111 00000101 00 00 00 00 0 0 000 000 00 000 000 00000000 
--BC1 
B3: 1100 00000111 00000101 00 00 00 00 0 0 000 000 00 000 000 00000000 
--BC1 
B4: 1100 00000111 00000101 00 00 00 00 0 0 000 000 00 000 000 00000000 
--BC1 
B5: 1100 00000111 00000101 00 00 00 00 0 0 000 000 00 000 000 00000000 
--BC1 
B6: 1100 00000111 00000101 00 00 00 00 0 0 000 000 00 000 000 00000000 
--BC1 
B7: 1100 00000111 00000101 00 00 00 00 0 0 000 000 00 000 000 00000000 
--BC1 
B8: 1100 00000111 00000101 00 00 00 00 0 0 000 000 00 000 000 00000000 
--BC1 
B9: 1100 00000111 00000101 00 00 00 00 0 0 000 000 00 000 000 00000000 
--BC1 
BA: 1100 00000111 00000101 00 00 00 00 0 0 000 000 00 000 000 00000000 
--BC1 
BB: 1100 00000111 00000101 00 00 00 00 0 0 000 000 00 000 000 00000000 
--BC1 
BC: 1100 00000111 00000101 00 00 00 00 0 0 000 000 00 000 000 00000000 
--BC1 
BD: 1100 00000111 00000101 00 00 00 00 0 0 000 000 00 000 000 00000000 
--BC1 
BE: 1100 00000111 00000101 00 00 00 00 0 0 000 000 00 000 000 00000000 
--BC1 
BF: -- halt
---------------------------------------------------------------------------------
--ADDR IF     THEN    ELSE PC E REG FLAG SS RES1 DST COND RES2 ALUFUN ALUSEL CHAR  
---------------------------------------------------------------------------------
--BKO 
C0: 1001 00000101 00000111 00 00 00 00 0 0 000 000 00 000 000 00000000 
--BKO 
C1: 1001 00000101 00000111 00 00 00 00 0 0 000 000 00 000 000 00000000 
--BKO 
C2: 1001 00000101 00000111 00 00 00 00 0 0 000 000 00 000 000 00000000 
--BKO 
C3: 1001 00000101 00000111 00 00 00 00 0 0 000 000 00 000 000 00000000 
--BKO 
C4: 1001 00000101 00000111 00 00 00 00 0 0 000 000 00 000 000 00000000 
--BKO 
C5: 1001 00000101 00000111 00 00 00 00 0 0 000 000 00 000 000 00000000 
--BKO 
C6: 1001 00000101 00000111 00 00 00 00 0 0 000 000 00 000 000 00000000 
--BKO 
C7: 1001 00000101 00000111 00 00 00 00 0 0 000 000 00 000 000 00000000 
--BKP 
C8: 1010 00000101 00000111 00 00 00 00 0 0 000 000 00 000 000 00000000 
--BKP 
C9: 1010 00000101 00000111 00 00 00 00 0 0 000 000 00 000 000 00000000 
--BKP 
CA: 1010 00000101 00000111 00 00 00 00 0 0 000 000 00 000 000 00000000 
--BKP 
CB: 1010 00000101 00000111 00 00 00 00 0 0 000 000 00 000 000 00000000 
--BKP 
CC: 1010 00000101 00000111 00 00 00 00 0 0 000 000 00 000 000 00000000 
--BKP 
CD: 1010 00000101 00000111 00 00 00 00 0 0 000 000 00 000 000 00000000 
--BKP 
CE: 1010 00000101 00000111 00 00 00 00 0 0 000 000 00 000 000 00000000 
--BKP 
CF: 1010 00000101 00000111 00 00 00 00 0 0 000 000 00 000 000 00000000 
--NOP16 
D0: 0000 00001001 00001001 00 00 00 00 0 0 000 000 00 000 000 00000000 
--WAITDK 
D1: 0100 00001000 00000010 00 00 00 00 0 0 000 000 00 000 000 00000000 
--WAITNO 
D2: 0111 00001000 00000010 00 00 00 00 0 0 000 000 00 000 000 00000000 
--SFB 
D3: 0000 01101001 01101001 00 10 00 00 0 0 011 000 00 000 000 00000000 
--SFA 
D4: 0000 01101001 01101001 00 10 00 00 0 0 100 000 00 000 000 00000000 
--SYNCH 
D5: 0110 00001001 00000010 00 00 00 00 0 0 000 001 00 000 000 00000000 
--SCANNO 
D6: 0111 00000100 01111111 00 00 00 00 0 0 000 000 00 000 000 00000000 
--ZFB 
D7: 0000 01000000 01000000 00 10 00 00 0 0 011 000 00 000 000 00000000 
--ZFA 
D8: 0000 01000000 01000000 00 10 00 00 0 0 100 000 00 000 000 00000000 
--TFB 
D9: 0000 01011010 01011010 00 10 00 00 0 0 000 001 00 000 000 00000000 
--TFA 
DA: 0000 01011101 01011101 00 10 00 00 0 0 000 001 00 000 000 00000000 
--FFB 
DB: 0000 01001111 01001111 00 10 00 00 0 0 011 000 00 000 000 00000000 
--FFA 
DC: 0000 01001111 01001111 00 10 00 00 0 0 100 000 00 000 000 00000000 
--CF 
DD: 0000 01100000 01100000 00 10 00 00 0 0 000 001 00 000 000 00000000 
--NOP30 
DE: 0000 00001001 00001001 00 00 00 00 0 0 000 000 00 000 000 00000000 
--EXF 
DF: 0000 01100011 01100011 00 10 00 00 0 0 000 000 00 000 000 00000000 
---------------------------------------------------------------------------------
--ADDR IF     THEN    ELSE PC E REG FLAG SS RES1 DST COND RES2 ALUFUN ALUSEL CHAR  
---------------------------------------------------------------------------------
--AABA 
E0: 0000 01010010 01010010 00 10 00 00 0 0 111 001 00 000 100 00000000 
--AAKA 
E1: 0000 01010010 01010010 00 10 00 00 0 0 111 001 00 000 101 00000000 
--AAKC 
E2: 0000 01010010 01010010 00 10 00 00 0 0 101 001 00 000 101 00000000 
--ABOA 
E3: 0101 10000001 01000011 00 10 00 00 0 0 111 000 00 000 100 00000000 
--ABOC 
E4: 0000 01000011 01000011 00 10 00 00 0 0 101 000 00 000 100 00000000 
--ACKA 
E5: 0000 01010010 01010010 00 10 00 00 0 0 111 001 00 000 111 00000000 
--ACKB 
E6: 0000 01010010 01010010 00 10 00 00 0 0 110 001 00 000 111 00000000 
--SABA 
E7: 0000 01101101 01101101 00 10 00 00 0 0 111 001 00 000 100 00000000 
--SABC 
E8: 0000 01101101 01101101 00 10 00 00 0 0 101 001 00 000 100 00000000 
--SAKA 
E9: 0000 01101101 01101101 00 10 00 00 0 0 111 001 00 000 101 00000000 
--SCBC 
EA: 0000 01101101 01101101 00 10 00 00 0 0 101 001 00 000 110 00000000 
--SCKC 
EB: 0000 01101101 01101101 00 10 00 00 0 0 101 001 00 000 111 00000000 
--CAB 
EC: 0000 01101101 01101101 00 10 00 00 0 0 010 001 00 000 100 00000000 
--CAK 
ED: 0000 01101101 01101101 00 10 00 00 0 0 010 001 00 000 101 00000000 
--CCB 
EE: 0000 01101101 01101101 00 10 00 00 0 0 010 001 00 000 110 00000000 
--CCK 
EF: 0000 01101101 01101101 00 10 00 00 0 0 010 001 00 000 111 00000000 
--AKA 
F0: 0000 01000011 01000011 00 10 00 00 0 0 111 000 00 000 111 00000000 
--AKB 
F1: 0000 01000011 01000011 00 10 00 00 0 0 110 000 00 000 111 00000000 
--AKC 
F2: 0000 01000011 01000011 00 10 00 00 0 0 101 000 00 000 111 00000000 
--EXAB 
F3: 0000 01010101 01010101 00 10 00 00 0 0 000 000 00 000 000 00000000 
--SLLA 
F4: 0000 01001001 01001001 00 11 00 00 0 0 111 000 00 000 000 00000000 
--SLLB 
F5: 0000 01001001 01001001 00 11 00 00 0 0 110 000 00 000 000 00000000 
--SLLC 
F6: 0000 01001001 01001001 00 11 00 00 0 0 101 000 00 000 000 00000000 
--SRLA 
F7: 0000 01001100 01001100 00 10 00 00 0 0 111 000 00 000 000 00000000 
--SRLB 
F8: 0000 01001100 01001100 00 10 00 00 0 0 110 000 00 000 000 00000000 
--SRLC 
F9: 0000 01001100 01001100 00 10 00 00 0 0 101 000 00 000 000 00000000 
--AKCN 
FA: 0000 01110110 01110110 00 10 00 00 0 0 111 001 00 000 101 00000000 
--AAKAH 
FB: 0101 10000010 01110000 00 10 00 00 0 0 111 001 00 000 101 00000000 
--SAKAH 
FC: 0101 10000011 01110011 00 10 00 00 0 0 111 001 00 000 101 00000000 
--ACKC 
FD: 0000 01010010 01010010 00 10 00 00 0 0 101 001 00 000 111 00000000 
--NOP 
FE: 0101 10000100 00001001 00 10 00 00 0 0 000 000 00 000 000 00000000 
--NOP 
FF: 0101 10000101 00001001 00 10 00 00 0 0 000 000 00 000 000 00000000 
